<?xml version="1.0" encoding="UTF-8"?>
<testng-results ignored="6" total="8" passed="2" failed="0" skipped="0">
  <reporter-output>
  </reporter-output>
  <suite started-at="2021-08-23T18:24:18 IST" name="Default suite" finished-at="2021-08-23T18:24:48 IST" duration-ms="30431">
    <groups>
    </groups>
    <test started-at="2021-08-23T18:24:18 IST" name="Default test" finished-at="2021-08-23T18:24:48 IST" duration-ms="30431">
      <class name="greenkart.testcase.Base">
        <test-method is-config="true" signature="Starttest()[pri:0, instance:greenkart.testcase.Base@6caf0677]" started-at="2021-08-23T18:24:18 IST" name="Starttest" finished-at="2021-08-23T18:24:45 IST" duration-ms="27183" status="PASS">
          <reporter-output>
          </reporter-output>
        </test-method> <!-- Starttest -->
        <test-method is-config="true" signature="quit()[pri:0, instance:greenkart.testcase.Base@6caf0677]" started-at="2021-08-23T18:24:46 IST" name="quit" finished-at="2021-08-23T18:24:48 IST" duration-ms="2225" status="PASS">
          <reporter-output>
          </reporter-output>
        </test-method> <!-- quit -->
      </class> <!-- greenkart.testcase.Base -->
      <class name="greenkart.testcase.TC_BrocolliTest">
        <test-method signature="brocolliTest()[pri:0, instance:greenkart.testcase.TC_BrocolliTest@413d1baf]" started-at="2021-08-23T18:24:45 IST" name="brocolliTest" finished-at="2021-08-23T18:24:45 IST" duration-ms="126" status="PASS">
          <reporter-output>
          </reporter-output>
        </test-method> <!-- brocolliTest -->
      </class> <!-- greenkart.testcase.TC_BrocolliTest -->
      <class name="greenkart.testcase.TC_SearchTest">
        <test-method signature="searchTestcase()[pri:0, instance:greenkart.testcase.TC_SearchTest@16eb3ea3]" started-at="2021-08-23T18:24:45 IST" name="searchTestcase" finished-at="2021-08-23T18:24:46 IST" duration-ms="866" status="PASS">
          <reporter-output>
          </reporter-output>
        </test-method> <!-- searchTestcase -->
      </class> <!-- greenkart.testcase.TC_SearchTest -->
    </test> <!-- Default test -->
  </suite> <!-- Default suite -->
</testng-results>
