<?xml version="1.0" encoding="UTF-8"?>
<!-- Generated by org.testng.reporters.JUnitXMLReporter -->
<testsuite ignored="6" hostname="HDC4-L-03221HV" failures="0" tests="2" name="Default test" time="30.431" errors="0" timestamp="2021-08-23T18:24:48 IST">
  <testcase classname="greenkart.testcase.TC_BrocolliTest" name="brocolliTest" time="0.126"/>
  <testcase classname="greenkart.testcase.TC_SearchTest" name="searchTestcase" time="0.866"/>
  <testcase classname="greenkart.testcase.Base" name="@BeforeTest Starttest" time="0.0">
    <ignored/>
  </testcase> <!-- @BeforeTest Starttest -->
  <testcase classname="greenkart.testcase.Base" name="@BeforeTest Starttest" time="0.0">
    <ignored/>
  </testcase> <!-- @BeforeTest Starttest -->
  <testcase classname="greenkart.testcase.Base" name="@BeforeTest Starttest" time="0.0">
    <ignored/>
  </testcase> <!-- @BeforeTest Starttest -->
  <testcase classname="greenkart.testcase.Base" name="@AfterTest quit" time="0.0">
    <ignored/>
  </testcase> <!-- @AfterTest quit -->
  <testcase classname="greenkart.testcase.Base" name="@AfterTest quit" time="0.0">
    <ignored/>
  </testcase> <!-- @AfterTest quit -->
  <testcase classname="greenkart.testcase.Base" name="@AfterTest quit" time="0.0">
    <ignored/>
  </testcase> <!-- @AfterTest quit -->
</testsuite> <!-- Default test -->
